<?xml version="1.0" encoding="UTF-8"?>
<testsuite name="Cucumber" time="2.631" tests="2" skipped="0" failures="0" errors="0">
<testcase classname="Check login functionality" name="" time="1.326">
<system-out><![CDATA[
Given user is on login page.................................................passed
When user enters valid username and password................................passed
And clicks on login button..................................................passed
Then user is navigated to the home page.....................................passed
]]></system-out>
</testcase>
<testcase classname="Check login functionality" name="" time="1.284">
<system-out><![CDATA[
Given user is on login page.................................................passed
When user enters valid username and password................................passed
And clicks on login button..................................................passed
Then user is navigated to the home page.....................................passed
]]></system-out>
</testcase>
</testsuite>
..........passed
And clicks on login button..................................................passed
Then user is navigated to the homepage......................................passed
When user clicks on dashboard link..........................................passed
Then quick launch toolbar is displayed......................................passed
]]></system-out>
</testcase>
</testsuite>
