<?xml version="1.0" encoding="UTF-8"?>
<testsuite name="Cucumber" time="2.573" tests="1" skipped="0" failures="0" errors="0">
<testcase classname="Test login functionality" name="Check login with test data generator" time="2.452">
<system-out><![CDATA[
Given browser is open from faker............................................passed
And user is on login page from faker........................................passed
When user enters info on login page.........................................passed
And user clicks on login from faker.........................................passed
]]></system-out>
</testcase>
</testsuite>
